2020-10-19 22:35:57,994 - PyClient - absl - INFO - Please choose the scene
2020-10-19 22:35:57,994 - PyClient - absl - INFO - The scene is choosed
2020-10-19 22:35:59,466 - PyClient - absl - INFO - Simulation is starting
2020-10-19 22:35:59,466 - PyClient - absl - INFO - Simulation is finished
2020-10-19 22:36:00,111 - PyClient - absl - INFO - 3
2020-10-19 22:36:20,626 - PyClient - absl - INFO - Please choose the scene
2020-10-19 22:36:20,626 - PyClient - absl - INFO - The scene is choosed
2020-10-19 22:36:21,363 - PyClient - absl - INFO - Simulation is starting
2020-10-19 22:36:21,363 - PyClient - absl - INFO - Simulation is finished
2020-10-19 22:36:21,810 - PyClient - absl - INFO - 3
2020-10-19 22:36:54,980 - PyClient - absl - INFO - Please choose the scene
2020-10-19 22:36:54,981 - PyClient - absl - INFO - The scene is choosed
2020-10-19 22:36:55,716 - PyClient - absl - INFO - Simulation is starting
2020-10-19 22:36:55,717 - PyClient - absl - INFO - Simulation is finished
2020-10-19 22:36:56,214 - PyClient - absl - INFO - 3
2020-10-19 22:41:32,809 - PyClient - absl - WARNING - Invalid input
2020-10-19 22:41:34,088 - PyClient - absl - INFO - Please choose the scene
2020-10-19 22:41:34,088 - PyClient - absl - INFO - The scene is choosed
2020-10-19 22:41:34,935 - PyClient - absl - INFO - Simulation is starting
2020-10-19 22:41:34,935 - PyClient - absl - INFO - Simulation is finished
2020-10-19 22:41:38,561 - PyClient - absl - INFO - 3
2020-10-19 22:45:45,583 - PyClient - absl - INFO - Please choose the scene
2020-10-19 22:45:45,585 - PyClient - absl - INFO - The scene is choosed
2020-10-19 22:45:46,661 - PyClient - absl - INFO - Simulation is starting
2020-10-19 22:45:46,661 - PyClient - absl - INFO - Simulation is finished
2020-10-19 22:45:57,196 - PyClient - absl - INFO - Simulation is starting
2020-10-19 22:45:57,196 - PyClient - absl - INFO - Simulation is finished
2020-10-19 22:45:57,773 - PyClient - absl - INFO - 3
2020-10-19 22:46:03,136 - PyClient - absl - INFO - Please choose the scene
2020-10-19 22:46:03,136 - PyClient - absl - INFO - The scene is choosed
2020-10-19 22:46:03,472 - PyClient - absl - INFO - Simulation is starting
2020-10-19 22:46:03,472 - PyClient - absl - INFO - Simulation is finished
2020-10-19 22:46:03,779 - PyClient - absl - INFO - 3
2020-10-19 22:47:02,034 - PyClient - absl - INFO - Please choose the scene
2020-10-19 22:47:02,035 - PyClient - absl - INFO - The scene is choosed
2020-10-19 22:47:02,911 - PyClient - absl - INFO - Simulation is starting
2020-10-19 22:47:02,911 - PyClient - absl - INFO - Simulation is finished
2020-10-19 22:47:03,759 - PyClient - absl - INFO - 3
2020-10-19 22:49:14,668 - PyClient - absl - INFO - Please choose the scene
2020-10-19 22:49:14,669 - PyClient - absl - INFO - The scene is choosed
2020-10-19 22:49:15,652 - PyClient - absl - INFO - Simulation is starting
2020-10-19 22:49:15,658 - PyClient - absl - INFO - Simulation is finished
2020-10-19 22:49:16,247 - PyClient - absl - INFO - 3
2020-10-19 23:30:14,722 - PyClient - absl - INFO - Please choose the scene
2020-10-19 23:30:14,724 - PyClient - absl - INFO - The scene is choosed
2020-10-19 23:30:15,497 - PyClient - absl - INFO - Simulation is starting
2020-10-19 23:30:15,502 - PyClient - absl - INFO - Simulation is finished
2020-10-19 23:30:16,148 - PyClient - absl - INFO - 3
2020-10-20 08:22:42,811 - PyClient - absl - INFO - Please choose the scene
2020-10-20 08:22:42,813 - PyClient - absl - INFO - The scene is choosed
2020-10-20 08:22:44,184 - PyClient - absl - INFO - Simulation is starting
2020-10-20 08:22:44,185 - PyClient - absl - INFO - Simulation is finished
2020-10-20 08:22:44,744 - PyClient - absl - INFO - Please check the report
2020-10-20 08:23:01,307 - PyClient - absl - INFO - Please choose the scene
2020-10-20 08:23:01,308 - PyClient - absl - INFO - The scene is choosed
2020-10-20 08:23:02,076 - PyClient - absl - INFO - Simulation is starting
2020-10-20 08:23:02,077 - PyClient - absl - INFO - Simulation is finished
2020-10-20 08:23:02,981 - PyClient - absl - INFO - Please check the report
2020-10-20 09:31:49,062 - PyClient - absl - INFO - Please choose the scene
2020-10-20 09:31:49,063 - PyClient - absl - INFO - Loading configuration
2020-10-20 09:31:49,072 - PyClient - absl - INFO - Configuration 
2020-10-20 09:31:49,079 - PyClient - absl - INFO - The scene is choosed
2020-10-20 09:58:49,216 - PyClient - absl - INFO - Please choose the scene
2020-10-20 09:58:49,218 - PyClient - absl - INFO - Loading configuration
2020-10-20 09:58:49,228 - PyClient - absl - INFO - Configuration 
2020-10-20 09:58:49,233 - PyClient - absl - INFO - The scene is choosed
2020-10-20 09:59:10,518 - PyClient - absl - INFO - Please choose the scene
2020-10-20 09:59:10,518 - PyClient - absl - INFO - Loading configuration
2020-10-20 09:59:10,525 - PyClient - absl - INFO - Configuration 
2020-10-20 09:59:10,531 - PyClient - absl - INFO - The scene is choosed
2020-10-20 10:00:00,891 - PyClient - absl - INFO - Please choose the scene
2020-10-20 10:00:00,891 - PyClient - absl - INFO - Loading configuration
2020-10-20 10:00:00,897 - PyClient - absl - INFO - Configuration 
2020-10-20 10:00:00,913 - PyClient - absl - INFO - The scene is choosed
2020-10-20 10:00:02,801 - PyClient - absl - INFO - Simulation is starting
2020-10-20 10:00:02,801 - PyClient - absl - INFO - Simulation is finished
2020-10-20 10:00:03,573 - PyClient - absl - INFO - Please check the report
2020-10-20 10:01:30,986 - PyClient - absl - INFO - Please choose the scene
2020-10-20 10:01:30,986 - PyClient - absl - INFO - Loading configuration
2020-10-20 10:01:30,992 - PyClient - absl - INFO - Configuration 
2020-10-20 10:05:58,311 - PyClient - absl - INFO - Please choose the scene
2020-10-20 10:05:58,312 - PyClient - absl - INFO - Loading configuration
2020-10-20 10:05:58,321 - PyClient - absl - INFO - Configuration 
2020-10-20 10:05:58,331 - PyClient - absl - INFO - The scene is choosed
2020-10-20 10:16:20,604 - PyClient - absl - INFO - Please choose the scene
2020-10-20 10:16:20,604 - PyClient - absl - INFO - Loading configuration
2020-10-20 10:16:20,610 - PyClient - absl - INFO - Configuration 
2020-10-20 10:16:20,634 - PyClient - absl - INFO - The scene is choosed
2020-10-20 11:38:41,751 - PyClient - absl - INFO - Please choose the scene
2020-10-20 11:38:41,753 - PyClient - absl - INFO - Loading configuration
2020-10-20 11:38:41,758 - PyClient - absl - INFO - Configuration 
2020-10-20 11:39:02,850 - PyClient - absl - INFO - Please choose the scene
2020-10-20 11:39:02,850 - PyClient - absl - INFO - Loading configuration
2020-10-20 11:39:02,852 - PyClient - absl - INFO - Configuration 
2020-10-20 11:39:32,574 - PyClient - absl - INFO - Please choose the scene
2020-10-20 11:39:32,575 - PyClient - absl - INFO - Loading configuration
2020-10-20 11:39:32,580 - PyClient - absl - INFO - Configuration 
2020-10-20 11:39:41,006 - PyClient - absl - INFO - Please choose the scene
2020-10-20 11:39:41,007 - PyClient - absl - INFO - Loading configuration
2020-10-20 11:39:41,018 - PyClient - absl - INFO - Configuration 
2020-10-20 13:06:58,143 - PyClient - absl - INFO - Please choose the scene
2020-10-20 13:06:58,145 - PyClient - absl - INFO - Loading configuration
2020-10-20 13:06:58,156 - PyClient - absl - INFO - Configuration 
2020-10-20 13:07:46,207 - PyClient - absl - INFO - Please choose the scene
2020-10-20 13:07:46,209 - PyClient - absl - INFO - Loading configuration
2020-10-20 13:07:46,221 - PyClient - absl - INFO - Configuration 
2020-10-20 13:07:59,937 - PyClient - absl - INFO - Please choose the scene
2020-10-20 13:07:59,937 - PyClient - absl - INFO - Loading configuration
2020-10-20 13:07:59,942 - PyClient - absl - INFO - Configuration 
2020-10-20 13:09:15,572 - PyClient - absl - INFO - Please choose the scene
2020-10-20 13:09:15,575 - PyClient - absl - INFO - Loading configuration
2020-10-20 13:09:15,583 - PyClient - absl - INFO - Configuration 
